<?xml version="1.0" encoding="UTF-8"?>
<testng-results skipped="0" failed="0" ignored="0" total="1" passed="1">
  <reporter-output>
  </reporter-output>
  <suite name="Default suite" duration-ms="24124" started-at="2020-05-08T09:21:47Z" finished-at="2020-05-08T09:22:11Z">
    <groups>
    </groups>
    <test name="Default test" duration-ms="24124" started-at="2020-05-08T09:21:47Z" finished-at="2020-05-08T09:22:11Z">
      <class name="com.search.flipkart.SearchTest">
        <test-method status="PASS" signature="browserlaunch()[pri:0, instance:com.search.flipkart.SearchTest@66a3ffec]" name="browserlaunch" is-config="true" duration-ms="22779" started-at="2020-05-08T09:21:47Z" finished-at="2020-05-08T09:22:10Z">
          <reporter-output>
          </reporter-output>
        </test-method> <!-- browserlaunch -->
        <test-method status="PASS" signature="test1()[pri:0, instance:com.search.flipkart.SearchTest@66a3ffec]" name="test1" duration-ms="376" started-at="2020-05-08T09:22:10Z" finished-at="2020-05-08T09:22:10Z">
          <reporter-output>
          </reporter-output>
        </test-method> <!-- test1 -->
        <test-method status="PASS" signature="browserclose()[pri:0, instance:com.search.flipkart.SearchTest@66a3ffec]" name="browserclose" is-config="true" duration-ms="939" started-at="2020-05-08T09:22:10Z" finished-at="2020-05-08T09:22:11Z">
          <reporter-output>
          </reporter-output>
        </test-method> <!-- browserclose -->
      </class> <!-- com.search.flipkart.SearchTest -->
    </test> <!-- Default test -->
  </suite> <!-- Default suite -->
</testng-results>
